<?xml version="1.0" encoding="UTF-8"?>
<testsuite name="SeleniumDemo" tests="1" skipped="0" failures="0" errors="0" timestamp="2020-12-01T03:10:45" hostname="JesutofunmisMBP" time="1.131">
  <properties/>
  <testcase name="userLogin" classname="SeleniumDemo" time="1.131"/>
  <system-out><![CDATA[Current URL is:https://the-internet.herokuapp.com/secure
]]></system-out>
  <system-err><![CDATA[SLF4J: Failed to load class "org.slf4j.impl.StaticLoggerBinder".
SLF4J: Defaulting to no-operation (NOP) logger implementation
SLF4J: See http://www.slf4j.org/codes.html#StaticLoggerBinder for further details.
Starting ChromeDriver 87.0.4280.20 (c99e81631faa0b2a448e658c0dbd8311fb04ddbd-refs/branch-heads/4280@{#355}) on port 23852
Only local connections are allowed.
Please see https://chromedriver.chromium.org/security-considerations for suggestions on keeping ChromeDriver safe.
ChromeDriver was started successfully.
Dec 01, 2020 4:10:38 AM org.openqa.selenium.remote.ProtocolHandshake createSession
INFO: Detected dialect: W3C
]]></system-err>
</testsuite>
